<?xml version="1.0" encoding="UTF-8"?>
<testsuite xmlns:xsi="http://www.w3.org/2001/XMLSchema-instance" xsi:noNamespaceSchemaLocation="https://maven.apache.org/surefire/maven-surefire-plugin/xsd/surefire-test-report-3.0.xsd" version="3.0" name="com.example.contacttodomail.ContactTodoMailApplicationTests" time="1.904" tests="1" errors="0" skipped="0" failures="0">
  <properties>
[...]
</properties>
  <testcase name="contextLoads" classname="com.example.contacttodomail.ContactTodoMailApplicationTests" time="0.491">
    <system-out><![CDATA[13:06:28.503 [main] INFO org.springframework.test.context.support.AnnotationConfigContextLoaderUtils -- Could not detect default configuration classes for test class [com.example.contacttodomail.ContactTodoMailApplicationTests]: ContactTodoMailApplicationTests does not declare any static, non-private, non-final, nested classes annotated with @Configuration.
13:06:28.553 [main] INFO org.springframework.boot.test.context.SpringBootTestContextBootstrapper -- Found @SpringBootConfiguration com.example.contacttodomail.ContactTodoMailApplication for test class com.example.contacttodomail.ContactTodoMailApplicationTests
13:06:28.619 [main] INFO org.springframework.boot.devtools.restart.RestartApplicationListener -- Restart disabled due to context in which it is running

  .   ____          _            __ _ _
 /\\ / ___'_ __ _ _(_)_ __  __ _ \ \ \ \
( ( )\___ | '_ | '_| | '_ \/ _` | \ \ \ \
 \\/  ___)| |_)| | | | | || (_| |  ) ) ) )
  '  |____| .__|_| |_|_| |_\__, | / / / /
 =========|_|==============|___/=/_/_/_/
 :: Spring Boot ::                (v3.2.2)

2024-02-15T13:06:28.729-06:00  INFO 25071 --- [           main] c.e.c.ContactTodoMailApplicationTests    : Starting ContactTodoMailApplicationTests using Java 20.0.1 with PID 25071 (started by claudiogonzalezhernandez in /Users/claudiogonzalezhernandez/Desktop/REACT JS LEARNING PLAN/contacts-todo-server)
2024-02-15T13:06:28.730-06:00  INFO 25071 --- [           main] c.e.c.ContactTodoMailApplicationTests    : No active profile set, falling back to 1 default profile: "default"
2024-02-15T13:06:28.933-06:00  INFO 25071 --- [           main] .s.d.r.c.RepositoryConfigurationDelegate : Bootstrapping Spring Data MongoDB repositories in DEFAULT mode.
2024-02-15T13:06:28.954-06:00  INFO 25071 --- [           main] .s.d.r.c.RepositoryConfigurationDelegate : Finished Spring Data repository scanning in 18 ms. Found 2 MongoDB repository interfaces.
2024-02-15T13:06:29.367-06:00  INFO 25071 --- [           main] org.mongodb.driver.client                : MongoClient with metadata {"driver": {"name": "mongo-java-driver|sync|spring-boot", "version": "4.11.1"}, "os": {"type": "Darwin", "name": "Mac OS X", "architecture": "aarch64", "version": "14.2.1"}, "platform": "Java/Oracle Corporation/20.0.1+9-29"} created with settings MongoClientSettings{readPreference=primary, writeConcern=WriteConcern{w=majority, wTimeout=null ms, journal=null}, retryWrites=true, retryReads=true, readConcern=ReadConcern{level=null}, credential=MongoCredential{mechanism=null, userName='crdevelopers506', source='admin', password=<hidden>, mechanismProperties=<hidden>}, transportSettings=null, streamFactoryFactory=null, commandListeners=[], codecRegistry=ProvidersCodecRegistry{codecProviders=[ValueCodecProvider{}, BsonValueCodecProvider{}, DBRefCodecProvider{}, DBObjectCodecProvider{}, DocumentCodecProvider{}, CollectionCodecProvider{}, IterableCodecProvider{}, MapCodecProvider{}, GeoJsonCodecProvider{}, GridFSFileCodecProvider{}, Jsr310CodecProvider{}, JsonObjectCodecProvider{}, BsonCodecProvider{}, EnumCodecProvider{}, com.mongodb.client.model.mql.ExpressionCodecProvider@4337afd, com.mongodb.Jep395RecordCodecProvider@1d02af26, com.mongodb.KotlinCodecProvider@3fa7df1]}, loggerSettings=LoggerSettings{maxDocumentLength=1000}, clusterSettings={hosts=[127.0.0.1:27017], srvHost=react-js-database-demo.ky7lhez.mongodb.net, srvServiceName=mongodb, mode=MULTIPLE, requiredClusterType=REPLICA_SET, requiredReplicaSetName='atlas-872p0a-shard-0', serverSelector='null', clusterListeners='[]', serverSelectionTimeout='30000 ms', localThreshold='15 ms'}, socketSettings=SocketSettings{connectTimeoutMS=10000, readTimeoutMS=0, receiveBufferSize=0, proxySettings=ProxySettings{host=null, port=null, username=null, password=null}}, heartbeatSocketSettings=SocketSettings{connectTimeoutMS=10000, readTimeoutMS=10000, receiveBufferSize=0, proxySettings=ProxySettings{host=null, port=null, username=null, password=null}}, connectionPoolSettings=ConnectionPoolSettings{maxSize=100, minSize=0, maxWaitTimeMS=120000, maxConnectionLifeTimeMS=0, maxConnectionIdleTimeMS=0, maintenanceInitialDelayMS=0, maintenanceFrequencyMS=60000, connectionPoolListeners=[], maxConnecting=2}, serverSettings=ServerSettings{heartbeatFrequencyMS=10000, minHeartbeatFrequencyMS=500, serverListeners='[]', serverMonitorListeners='[]'}, sslSettings=SslSettings{enabled=true, invalidHostNameAllowed=false, context=null}, applicationName='null', compressorList=[], uuidRepresentation=JAVA_LEGACY, serverApi=null, autoEncryptionSettings=null, dnsClient=null, inetAddressResolver=null, contextProvider=null}
2024-02-15T13:06:29.608-06:00  INFO 25071 --- [hez.mongodb.net] org.mongodb.driver.cluster               : Adding discovered server ac-bwp35nn-shard-00-00.ky7lhez.mongodb.net:27017 to client view of cluster
2024-02-15T13:06:29.629-06:00  INFO 25071 --- [hez.mongodb.net] org.mongodb.driver.cluster               : Adding discovered server ac-bwp35nn-shard-00-01.ky7lhez.mongodb.net:27017 to client view of cluster
2024-02-15T13:06:29.634-06:00  INFO 25071 --- [hez.mongodb.net] org.mongodb.driver.cluster               : Adding discovered server ac-bwp35nn-shard-00-02.ky7lhez.mongodb.net:27017 to client view of cluster
2024-02-15T13:06:29.819-06:00  INFO 25071 --- [           main] c.e.c.ContactTodoMailApplicationTests    : Started ContactTodoMailApplicationTests in 1.205 seconds (process running for 1.71)
2024-02-15T13:06:30.261-06:00  INFO 25071 --- [ngodb.net:27017] org.mongodb.driver.cluster               : Monitor thread successfully connected to server with description ServerDescription{address=ac-bwp35nn-shard-00-01.ky7lhez.mongodb.net:27017, type=REPLICA_SET_PRIMARY, state=CONNECTED, ok=true, minWireVersion=0, maxWireVersion=17, maxDocumentSize=16777216, logicalSessionTimeoutMinutes=30, roundTripTimeNanos=267077917, setName='atlas-872p0a-shard-0', canonicalAddress=ac-bwp35nn-shard-00-01.ky7lhez.mongodb.net:27017, hosts=[ac-bwp35nn-shard-00-01.ky7lhez.mongodb.net:27017, ac-bwp35nn-shard-00-02.ky7lhez.mongodb.net:27017, ac-bwp35nn-shard-00-00.ky7lhez.mongodb.net:27017], passives=[], arbiters=[], primary='ac-bwp35nn-shard-00-01.ky7lhez.mongodb.net:27017', tagSet=TagSet{[Tag{name='availabilityZone', value='use1-az1'}, Tag{name='diskState', value='READY'}, Tag{name='nodeType', value='ELECTABLE'}, Tag{name='provider', value='AWS'}, Tag{name='region', value='US_EAST_1'}, Tag{name='workloadType', value='OPERATIONAL'}]}, electionId=7fffffff00000000000000f1, setVersion=12, topologyVersion=TopologyVersion{processId=65bbf1e5bf02e3126fe46f8a, counter=6}, lastWriteDate=Thu Feb 15 13:06:30 CST 2024, lastUpdateTimeNanos=19639641835791}
2024-02-15T13:06:30.262-06:00  INFO 25071 --- [ngodb.net:27017] org.mongodb.driver.cluster               : Monitor thread successfully connected to server with description ServerDescription{address=ac-bwp35nn-shard-00-00.ky7lhez.mongodb.net:27017, type=REPLICA_SET_SECONDARY, state=CONNECTED, ok=true, minWireVersion=0, maxWireVersion=17, maxDocumentSize=16777216, logicalSessionTimeoutMinutes=30, roundTripTimeNanos=299564000, setName='atlas-872p0a-shard-0', canonicalAddress=ac-bwp35nn-shard-00-00.ky7lhez.mongodb.net:27017, hosts=[ac-bwp35nn-shard-00-01.ky7lhez.mongodb.net:27017, ac-bwp35nn-shard-00-02.ky7lhez.mongodb.net:27017, ac-bwp35nn-shard-00-00.ky7lhez.mongodb.net:27017], passives=[], arbiters=[], primary='ac-bwp35nn-shard-00-01.ky7lhez.mongodb.net:27017', tagSet=TagSet{[Tag{name='availabilityZone', value='use1-az6'}, Tag{name='diskState', value='READY'}, Tag{name='nodeType', value='ELECTABLE'}, Tag{name='provider', value='AWS'}, Tag{name='region', value='US_EAST_1'}, Tag{name='workloadType', value='OPERATIONAL'}]}, electionId=null, setVersion=12, topologyVersion=TopologyVersion{processId=65bbf0d4da2d933aa7b88f04, counter=4}, lastWriteDate=Thu Feb 15 13:06:30 CST 2024, lastUpdateTimeNanos=19639642283375}
2024-02-15T13:06:30.262-06:00  INFO 25071 --- [ngodb.net:27017] org.mongodb.driver.cluster               : Monitor thread successfully connected to server with description ServerDescription{address=ac-bwp35nn-shard-00-02.ky7lhez.mongodb.net:27017, type=REPLICA_SET_SECONDARY, state=CONNECTED, ok=true, minWireVersion=0, maxWireVersion=17, maxDocumentSize=16777216, logicalSessionTimeoutMinutes=30, roundTripTimeNanos=299669167, setName='atlas-872p0a-shard-0', canonicalAddress=ac-bwp35nn-shard-00-02.ky7lhez.mongodb.net:27017, hosts=[ac-bwp35nn-shard-00-01.ky7lhez.mongodb.net:27017, ac-bwp35nn-shard-00-02.ky7lhez.mongodb.net:27017, ac-bwp35nn-shard-00-00.ky7lhez.mongodb.net:27017], passives=[], arbiters=[], primary='ac-bwp35nn-shard-00-01.ky7lhez.mongodb.net:27017', tagSet=TagSet{[Tag{name='availabilityZone', value='use1-az2'}, Tag{name='diskState', value='READY'}, Tag{name='nodeType', value='ELECTABLE'}, Tag{name='provider', value='AWS'}, Tag{name='region', value='US_EAST_1'}, Tag{name='workloadType', value='OPERATIONAL'}]}, electionId=null, setVersion=12, topologyVersion=TopologyVersion{processId=65bbf3645766a1ec51a0b1e6, counter=3}, lastWriteDate=Thu Feb 15 13:06:30 CST 2024, lastUpdateTimeNanos=19639642414833}
2024-02-15T13:06:30.263-06:00  INFO 25071 --- [ngodb.net:27017] org.mongodb.driver.cluster               : Discovered replica set primary ac-bwp35nn-shard-00-01.ky7lhez.mongodb.net:27017 with max election id 7fffffff00000000000000f1 and max set version 12
]]></system-out>
  </testcase>
</testsuite>